Arguments: 
  /usr/local/bin/node /usr/local/bin/yarn intall

PATH: 
  /Users/Mtime/anaconda3/bin:/usr/local/bin:/usr/bin:/bin:/usr/sbin:/sbin:/Applications/Wireshark.app/Contents/MacOS:/Users/Mtime/anaconda3/bin

Yarn version: 
  1.5.1

Node version: 
  8.9.4

Platform: 
  darwin x64

npm manifest: 
  {
      "name": "node-dispatch-pc",
      "version": "1.0.0",
      "description": "vue2+webapck2",
      "@mtime-node-basis/node-bootstrap": "^1.0.27",
      "dependencies": {
          "axios": "^0.16.1",
          "express": "^4.15.2",
          "fs-extra": "^2.1.2",
          "vue": "^2.3.2",
          "vuex": "^2.2.1",
          "vue-axios": "^2.0.2"
      },
      "devDependencies": {
          "babel": "^6.23.0",
          "babel-core": "^6.24.1",
          "babel-eslint": "^7.2.1",
          "babel-loader": "^6.4.1",
          "babel-plugin-transform-runtime": "^6.23.0",
          "babel-preset-es2015": "^6.24.1",
          "babel-preset-stage-2": "^6.24.1",
          "babel-preset-stage-3": "^6.24.1",
          "css-loader": "^0.28.0",
          "extract-text-webpack-plugin": "^2.1.0",
          "less": "^2.7.2",
          "less-loader": "^4.0.3",
          "opn": "^5.3.0",
          "postcss-loader": "^1.3.3",
          "postcss-smart-import": "^0.6.11",
          "style-loader": "^0.16.1",
          "url-loader": "^0.5.8",
          "vue-loader": "^11.3.4",
          "vue-style-loader": "^2.0.5",
          "vue-template-compiler": "^2.3.2",
          "webpack": "^2.3.3"
      },
      "scripts": {
          "start": "node tools/dev.js"
      }
  }

yarn manifest: 
  No manifest

Lockfile: 
  No lockfile

Trace: 
  Error: Command "intall" not found.
      at new MessageError (/usr/local/lib/node_modules/yarn/lib/cli.js:186:110)
      at /usr/local/lib/node_modules/yarn/lib/cli.js:87307:17
      at Generator.next (<anonymous>)
      at step (/usr/local/lib/node_modules/yarn/lib/cli.js:98:30)
      at /usr/local/lib/node_modules/yarn/lib/cli.js:116:14
      at new Promise (<anonymous>)
      at new F (/usr/local/lib/node_modules/yarn/lib/cli.js:23451:28)
      at /usr/local/lib/node_modules/yarn/lib/cli.js:95:12
      at runCommand (/usr/local/lib/node_modules/yarn/lib/cli.js:87312:22)
      at Object.<anonymous> (/usr/local/lib/node_modules/yarn/lib/cli.js:87412:14)
